<?xml version="1.0" encoding="UTF-8"?>
<!-- Generated by org.testng.reporters.JUnitXMLReporter -->
<testsuite hostname="X-mens-MacBook-Pro.local" name="Test" tests="1" failures="1" timestamp="22 Apr 2017 13:12:05 GMT" time="430.627" errors="0">
  <testcase name="createSaleOrderAndRevaluateSlabPriceAndValidate" time="392.311" classname="com.ninjacart.scripts.DirectsScripts">
    <failure type="java.lang.AssertionError" message="null">
      <![CDATA[java.lang.AssertionError: null
	at com.ninjacart.genericLibrary.GenericKeywords.scrollDown(GenericKeywords.java:369)
	at com.ninjacart.businessLibrary.BusinessKeywords.validateSkuQuantityOnMyCartScreen(BusinessKeywords.java:3469)
	at com.ninjacart.scripts.DirectsScripts.createSaleOrderAndRevaluateSlabPriceAndValidate(DirectsScripts.java:595)
... Removed 26 stack frames]]>
    </failure>
  </testcase> <!-- createSaleOrderAndRevaluateSlabPriceAndValidate -->
</testsuite> <!-- Test -->
