<?xml version="1.0" encoding="UTF-8"?>
<testng-results skipped="0" failed="1" total="1" passed="0">
  <reporter-output>
  </reporter-output>
  <suite name="Suite" duration-ms="430627" started-at="2017-04-22T13:04:55Z" finished-at="2017-04-22T13:12:05Z">
    <groups>
    </groups>
    <test name="Test" duration-ms="430627" started-at="2017-04-22T13:04:55Z" finished-at="2017-04-22T13:12:05Z">
      <class name="com.ninjacart.scripts.DirectsScripts">
        <test-method status="PASS" signature="start()[pri:0, instance:com.ninjacart.scripts.DirectsScripts@64bf3bbf]" name="start" is-config="true" duration-ms="226" started-at="2017-04-22T18:34:55Z" finished-at="2017-04-22T18:34:55Z">
          <reporter-output>
          </reporter-output>
        </test-method> <!-- start -->
        <test-method status="PASS" signature="clearingData()[pri:0, instance:com.ninjacart.scripts.DirectsScripts@64bf3bbf]" name="clearingData" is-config="true" duration-ms="34368" started-at="2017-04-22T18:34:55Z" finished-at="2017-04-22T18:35:29Z">
          <reporter-output>
          </reporter-output>
        </test-method> <!-- clearingData -->
        <test-method status="FAIL" signature="createSaleOrderAndRevaluateSlabPriceAndValidate()[pri:0, instance:com.ninjacart.scripts.DirectsScripts@64bf3bbf]" name="createSaleOrderAndRevaluateSlabPriceAndValidate" duration-ms="392311" started-at="2017-04-22T18:35:29Z" finished-at="2017-04-22T18:42:02Z">
          <exception class="java.lang.AssertionError">
            <message>
              <![CDATA[null]]>
            </message>
            <full-stacktrace>
              <![CDATA[java.lang.AssertionError: null
	at org.testng.Assert.fail(Assert.java:94)
	at org.testng.Assert.fail(Assert.java:101)
	at com.ninjacart.genericLibrary.GenericKeywords.scrollDown(GenericKeywords.java:369)
	at com.ninjacart.businessLibrary.BusinessKeywords.validateSkuQuantityOnMyCartScreen(BusinessKeywords.java:3469)
	at com.ninjacart.scripts.DirectsScripts.createSaleOrderAndRevaluateSlabPriceAndValidate(DirectsScripts.java:595)
	at sun.reflect.NativeMethodAccessorImpl.invoke0(Native Method)
	at sun.reflect.NativeMethodAccessorImpl.invoke(NativeMethodAccessorImpl.java:62)
	at sun.reflect.DelegatingMethodAccessorImpl.invoke(DelegatingMethodAccessorImpl.java:43)
	at java.lang.reflect.Method.invoke(Method.java:497)
	at org.testng.internal.MethodInvocationHelper.invokeMethod(MethodInvocationHelper.java:85)
	at org.testng.internal.Invoker.invokeMethod(Invoker.java:639)
	at org.testng.internal.Invoker.invokeTestMethod(Invoker.java:816)
	at org.testng.internal.Invoker.invokeTestMethods(Invoker.java:1124)
	at org.testng.internal.TestMethodWorker.invokeTestMethods(TestMethodWorker.java:125)
	at org.testng.internal.TestMethodWorker.run(TestMethodWorker.java:108)
	at org.testng.TestRunner.privateRun(TestRunner.java:774)
	at org.testng.TestRunner.run(TestRunner.java:624)
	at org.testng.SuiteRunner.runTest(SuiteRunner.java:359)
	at org.testng.SuiteRunner.runSequentially(SuiteRunner.java:354)
	at org.testng.SuiteRunner.privateRun(SuiteRunner.java:312)
	at org.testng.SuiteRunner.run(SuiteRunner.java:261)
	at org.testng.SuiteRunnerWorker.runSuite(SuiteRunnerWorker.java:52)
	at org.testng.SuiteRunnerWorker.run(SuiteRunnerWorker.java:86)
	at org.testng.TestNG.runSuitesSequentially(TestNG.java:1215)
	at org.testng.TestNG.runSuitesLocally(TestNG.java:1140)
	at org.testng.TestNG.run(TestNG.java:1048)
	at org.testng.remote.AbstractRemoteTestNG.run(AbstractRemoteTestNG.java:132)
	at org.testng.remote.RemoteTestNG.initAndRun(RemoteTestNG.java:236)
	at org.testng.remote.RemoteTestNG.main(RemoteTestNG.java:81)
]]>
            </full-stacktrace>
          </exception> <!-- java.lang.AssertionError -->
          <reporter-output>
          </reporter-output>
        </test-method> <!-- createSaleOrderAndRevaluateSlabPriceAndValidate -->
        <test-method status="PASS" signature="tearDown(org.testng.ITestResult)[pri:0, instance:com.ninjacart.scripts.DirectsScripts@64bf3bbf]" name="tearDown" is-config="true" duration-ms="3934" started-at="2017-04-22T18:42:02Z" finished-at="2017-04-22T18:42:05Z">
          <params>
            <param index="0">
              <value>
                <![CDATA[[TestResult name=createSaleOrderAndRevaluateSlabPriceAndValidate status=FAILURE method=DirectsScripts.createSaleOrderAndRevaluateSlabPriceAndValidate()[pri:0, instance:com.ninjacart.scripts.DirectsScripts@64bf3bbf] output={null}]]]>
              </value>
            </param>
          </params>
          <reporter-output>
          </reporter-output>
        </test-method> <!-- tearDown -->
        <test-method status="PASS" signature="last()[pri:0, instance:com.ninjacart.scripts.DirectsScripts@64bf3bbf]" name="last" is-config="true" duration-ms="90" started-at="2017-04-22T18:42:05Z" finished-at="2017-04-22T18:42:06Z">
          <reporter-output>
          </reporter-output>
        </test-method> <!-- last -->
      </class> <!-- com.ninjacart.scripts.DirectsScripts -->
    </test> <!-- Test -->
  </suite> <!-- Suite -->
</testng-results>
